<?xml version="1.0" encoding="UTF-8"?>
<robot generator="Robot 6.1 (Python 3.10.9 on win32)" generated="20230624 15:39:13.769" rpa="false" schemaversion="4">
<suite id="s1" name="Api1" source="C:\Users\kozha\IdeaProjects\API1\api1.robot">
<test id="s1-t1" name="limit cdek" line="29">
<kw name="cdek_addresses">
<var>${limit}</var>
<msg timestamp="20230624 15:39:14.433" level="FAIL">No keyword with name 'cdek_addresses' found.</msg>
<status status="FAIL" starttime="20230624 15:39:14.433" endtime="20230624 15:39:14.433"/>
</kw>
<kw name="Should Be Equal" library="BuiltIn">
<arg>${limit}</arg>
<arg>${5}</arg>
<doc>Fails if the given objects are unequal.</doc>
<status status="NOT RUN" starttime="20230624 15:39:14.434" endtime="20230624 15:39:14.434"/>
</kw>
<doc>Тест с заранее подготовленными данными (адреса СДЭК с оффициального сайта).
Ожидается, что на всех адресах находятся пункты выдачи СДЭК.</doc>
<status status="FAIL" starttime="20230624 15:39:14.427" endtime="20230624 15:39:14.434">No keyword with name 'cdek_addresses' found.</status>
</test>
<status status="FAIL" starttime="20230624 15:39:13.775" endtime="20230624 15:39:14.436"/>
</suite>
<statistics>
<total>
<stat pass="0" fail="1" skip="0">All Tests</stat>
</total>
<tag>
</tag>
<suite>
<stat pass="0" fail="1" skip="0" id="s1" name="Api1">Api1</stat>
</suite>
</statistics>
<errors>
</errors>
</robot>
